{"/Users/anujkdxt/Documents/Learning/reactjs/sample-test-app/src/App.jsx": {"path":"/Users/anujkdxt/Documents/Learning/reactjs/sample-test-app/src/App.jsx","all":false,"statementMap":{"198":{"start":{"line":199,"column":0},"end":{"line":199,"column":51}},"199":{"start":{"line":200,"column":0},"end":{"line":200,"column":98}},"202":{"start":{"line":203,"column":0},"end":{"line":203,"column":19}},"203":{"start":{"line":204,"column":0},"end":{"line":204,"column":10}},"204":{"start":{"line":205,"column":0},"end":{"line":205,"column":12}},"205":{"start":{"line":206,"column":0},"end":{"line":206,"column":27}},"206":{"start":{"line":207,"column":0},"end":{"line":207,"column":67}},"207":{"start":{"line":208,"column":0},"end":{"line":208,"column":16}},"208":{"start":{"line":209,"column":0},"end":{"line":209,"column":53}},"209":{"start":{"line":210,"column":0},"end":{"line":210,"column":62}},"210":{"start":{"line":211,"column":0},"end":{"line":211,"column":17}},"211":{"start":{"line":212,"column":0},"end":{"line":212,"column":12}},"212":{"start":{"line":213,"column":0},"end":{"line":213,"column":13}},"214":{"start":{"line":215,"column":0},"end":{"line":215,"column":2}},"217":{"start":{"line":218,"column":0},"end":{"line":218,"column":26}},"218":{"start":{"line":219,"column":0},"end":{"line":219,"column":41}},"219":{"start":{"line":220,"column":0},"end":{"line":220,"column":47}},"220":{"start":{"line":221,"column":0},"end":{"line":221,"column":43}},"221":{"start":{"line":222,"column":0},"end":{"line":222,"column":33}},"223":{"start":{"line":224,"column":0},"end":{"line":224,"column":51}},"225":{"start":{"line":226,"column":0},"end":{"line":226,"column":19}},"226":{"start":{"line":227,"column":0},"end":{"line":227,"column":36}},"227":{"start":{"line":228,"column":0},"end":{"line":228,"column":23}},"228":{"start":{"line":229,"column":0},"end":{"line":229,"column":11}},"229":{"start":{"line":230,"column":0},"end":{"line":230,"column":83}},"231":{"start":{"line":232,"column":0},"end":{"line":232,"column":27}},"232":{"start":{"line":233,"column":0},"end":{"line":233,"column":79}},"233":{"start":{"line":234,"column":0},"end":{"line":234,"column":9}},"235":{"start":{"line":236,"column":0},"end":{"line":236,"column":43}},"236":{"start":{"line":237,"column":0},"end":{"line":237,"column":23}},"237":{"start":{"line":238,"column":0},"end":{"line":238,"column":23}},"238":{"start":{"line":239,"column":0},"end":{"line":239,"column":21}},"239":{"start":{"line":240,"column":0},"end":{"line":240,"column":57}},"240":{"start":{"line":241,"column":0},"end":{"line":241,"column":21}},"241":{"start":{"line":242,"column":0},"end":{"line":242,"column":17}},"242":{"start":{"line":243,"column":0},"end":{"line":243,"column":26}},"243":{"start":{"line":244,"column":0},"end":{"line":244,"column":7}},"244":{"start":{"line":245,"column":0},"end":{"line":245,"column":6}},"246":{"start":{"line":247,"column":0},"end":{"line":247,"column":17}},"247":{"start":{"line":248,"column":0},"end":{"line":248,"column":9}},"249":{"start":{"line":250,"column":0},"end":{"line":250,"column":38}},"250":{"start":{"line":251,"column":0},"end":{"line":251,"column":32}},"251":{"start":{"line":252,"column":0},"end":{"line":252,"column":4}},"253":{"start":{"line":254,"column":0},"end":{"line":254,"column":10}},"254":{"start":{"line":255,"column":0},"end":{"line":255,"column":9}},"255":{"start":{"line":256,"column":0},"end":{"line":256,"column":18}},"256":{"start":{"line":257,"column":0},"end":{"line":257,"column":31}},"257":{"start":{"line":258,"column":0},"end":{"line":258,"column":19}},"258":{"start":{"line":259,"column":0},"end":{"line":259,"column":47}},"260":{"start":{"line":261,"column":0},"end":{"line":261,"column":41}},"261":{"start":{"line":262,"column":0},"end":{"line":262,"column":72}},"262":{"start":{"line":263,"column":0},"end":{"line":263,"column":19}},"263":{"start":{"line":264,"column":0},"end":{"line":264,"column":42}},"264":{"start":{"line":265,"column":0},"end":{"line":265,"column":40}},"265":{"start":{"line":266,"column":0},"end":{"line":266,"column":76}},"266":{"start":{"line":267,"column":0},"end":{"line":267,"column":70}},"267":{"start":{"line":268,"column":0},"end":{"line":268,"column":23}},"268":{"start":{"line":269,"column":0},"end":{"line":269,"column":19}},"269":{"start":{"line":270,"column":0},"end":{"line":270,"column":19}},"270":{"start":{"line":271,"column":0},"end":{"line":271,"column":20}},"271":{"start":{"line":272,"column":0},"end":{"line":272,"column":19}},"272":{"start":{"line":273,"column":0},"end":{"line":273,"column":43}},"273":{"start":{"line":274,"column":0},"end":{"line":274,"column":20}},"274":{"start":{"line":275,"column":0},"end":{"line":275,"column":32}},"275":{"start":{"line":276,"column":0},"end":{"line":276,"column":102}},"276":{"start":{"line":277,"column":0},"end":{"line":277,"column":57}},"278":{"start":{"line":279,"column":0},"end":{"line":279,"column":42}},"279":{"start":{"line":280,"column":0},"end":{"line":280,"column":68}},"280":{"start":{"line":281,"column":0},"end":{"line":281,"column":36}},"281":{"start":{"line":282,"column":0},"end":{"line":282,"column":25}},"282":{"start":{"line":283,"column":0},"end":{"line":283,"column":21}},"283":{"start":{"line":284,"column":0},"end":{"line":284,"column":21}},"284":{"start":{"line":285,"column":0},"end":{"line":285,"column":17}},"285":{"start":{"line":286,"column":0},"end":{"line":286,"column":20}},"286":{"start":{"line":287,"column":0},"end":{"line":287,"column":18}},"287":{"start":{"line":288,"column":0},"end":{"line":288,"column":14}},"289":{"start":{"line":290,"column":0},"end":{"line":290,"column":10}},"291":{"start":{"line":292,"column":0},"end":{"line":292,"column":2}},"294":{"start":{"line":295,"column":0},"end":{"line":295,"column":27}},"295":{"start":{"line":296,"column":0},"end":{"line":296,"column":29}},"296":{"start":{"line":297,"column":0},"end":{"line":297,"column":41}},"297":{"start":{"line":298,"column":0},"end":{"line":298,"column":47}},"298":{"start":{"line":299,"column":0},"end":{"line":299,"column":43}},"299":{"start":{"line":300,"column":0},"end":{"line":300,"column":33}},"301":{"start":{"line":302,"column":0},"end":{"line":302,"column":19}},"302":{"start":{"line":303,"column":0},"end":{"line":303,"column":42}},"303":{"start":{"line":304,"column":0},"end":{"line":304,"column":23}},"304":{"start":{"line":305,"column":0},"end":{"line":305,"column":11}},"305":{"start":{"line":306,"column":0},"end":{"line":306,"column":89}},"307":{"start":{"line":308,"column":0},"end":{"line":308,"column":27}},"308":{"start":{"line":309,"column":0},"end":{"line":309,"column":79}},"309":{"start":{"line":310,"column":0},"end":{"line":310,"column":9}},"311":{"start":{"line":312,"column":0},"end":{"line":312,"column":43}},"312":{"start":{"line":313,"column":0},"end":{"line":313,"column":22}},"313":{"start":{"line":314,"column":0},"end":{"line":314,"column":23}},"314":{"start":{"line":315,"column":0},"end":{"line":315,"column":21}},"315":{"start":{"line":316,"column":0},"end":{"line":316,"column":64}},"316":{"start":{"line":317,"column":0},"end":{"line":317,"column":22}},"317":{"start":{"line":318,"column":0},"end":{"line":318,"column":17}},"318":{"start":{"line":319,"column":0},"end":{"line":319,"column":26}},"319":{"start":{"line":320,"column":0},"end":{"line":320,"column":7}},"320":{"start":{"line":321,"column":0},"end":{"line":321,"column":6}},"322":{"start":{"line":323,"column":0},"end":{"line":323,"column":23}},"323":{"start":{"line":324,"column":0},"end":{"line":324,"column":11}},"325":{"start":{"line":326,"column":0},"end":{"line":326,"column":10}},"326":{"start":{"line":327,"column":0},"end":{"line":327,"column":9}},"327":{"start":{"line":328,"column":0},"end":{"line":328,"column":14}},"328":{"start":{"line":329,"column":0},"end":{"line":329,"column":38}},"329":{"start":{"line":330,"column":0},"end":{"line":330,"column":93}},"330":{"start":{"line":331,"column":0},"end":{"line":331,"column":7}},"332":{"start":{"line":333,"column":0},"end":{"line":333,"column":15}},"334":{"start":{"line":335,"column":0},"end":{"line":335,"column":18}},"335":{"start":{"line":336,"column":0},"end":{"line":336,"column":38}},"336":{"start":{"line":337,"column":0},"end":{"line":337,"column":19}},"337":{"start":{"line":338,"column":0},"end":{"line":338,"column":47}},"339":{"start":{"line":340,"column":0},"end":{"line":340,"column":71}},"340":{"start":{"line":341,"column":0},"end":{"line":341,"column":45}},"341":{"start":{"line":342,"column":0},"end":{"line":342,"column":72}},"342":{"start":{"line":343,"column":0},"end":{"line":343,"column":25}},"343":{"start":{"line":344,"column":0},"end":{"line":344,"column":17}},"344":{"start":{"line":345,"column":0},"end":{"line":345,"column":104}},"345":{"start":{"line":346,"column":0},"end":{"line":346,"column":16}},"346":{"start":{"line":347,"column":0},"end":{"line":347,"column":52}},"347":{"start":{"line":348,"column":0},"end":{"line":348,"column":16}},"348":{"start":{"line":349,"column":0},"end":{"line":349,"column":92}},"349":{"start":{"line":350,"column":0},"end":{"line":350,"column":79}},"350":{"start":{"line":351,"column":0},"end":{"line":351,"column":74}},"351":{"start":{"line":352,"column":0},"end":{"line":352,"column":20}},"352":{"start":{"line":353,"column":0},"end":{"line":353,"column":90}},"353":{"start":{"line":354,"column":0},"end":{"line":354,"column":76}},"354":{"start":{"line":355,"column":0},"end":{"line":355,"column":71}},"355":{"start":{"line":356,"column":0},"end":{"line":356,"column":20}},"356":{"start":{"line":357,"column":0},"end":{"line":357,"column":92}},"357":{"start":{"line":358,"column":0},"end":{"line":358,"column":76}},"358":{"start":{"line":359,"column":0},"end":{"line":359,"column":71}},"359":{"start":{"line":360,"column":0},"end":{"line":360,"column":20}},"360":{"start":{"line":361,"column":0},"end":{"line":361,"column":90}},"361":{"start":{"line":362,"column":0},"end":{"line":362,"column":78}},"362":{"start":{"line":363,"column":0},"end":{"line":363,"column":79}},"363":{"start":{"line":364,"column":0},"end":{"line":364,"column":20}},"364":{"start":{"line":365,"column":0},"end":{"line":365,"column":92}},"365":{"start":{"line":366,"column":0},"end":{"line":366,"column":78}},"366":{"start":{"line":367,"column":0},"end":{"line":367,"column":54}},"367":{"start":{"line":368,"column":0},"end":{"line":368,"column":110}},"368":{"start":{"line":369,"column":0},"end":{"line":369,"column":21}},"369":{"start":{"line":370,"column":0},"end":{"line":370,"column":20}},"370":{"start":{"line":371,"column":0},"end":{"line":371,"column":17}},"371":{"start":{"line":372,"column":0},"end":{"line":372,"column":16}},"372":{"start":{"line":373,"column":0},"end":{"line":373,"column":14}},"374":{"start":{"line":375,"column":0},"end":{"line":375,"column":10}},"376":{"start":{"line":377,"column":0},"end":{"line":377,"column":2}},"378":{"start":{"line":379,"column":0},"end":{"line":379,"column":19}}},"s":{"198":1,"199":1,"202":1,"203":0,"204":0,"205":0,"206":0,"207":0,"208":0,"209":0,"210":0,"211":0,"212":0,"214":0,"217":1,"218":7,"219":7,"220":7,"221":7,"223":7,"225":7,"226":4,"227":4,"228":4,"229":4,"231":4,"232":1,"233":1,"235":2,"236":2,"237":2,"238":4,"239":1,"240":1,"241":4,"242":3,"243":3,"244":4,"246":4,"247":7,"249":7,"250":1,"251":1,"253":7,"254":7,"255":7,"256":4,"257":3,"258":1,"260":2,"261":2,"262":2,"263":2,"264":2,"265":8,"266":8,"267":8,"268":2,"269":2,"270":2,"271":2,"272":2,"273":4,"274":4,"275":4,"276":4,"278":4,"279":16,"280":16,"281":16,"282":4,"283":4,"284":2,"285":2,"286":2,"287":2,"289":7,"291":7,"294":1,"295":7,"296":7,"297":7,"298":7,"299":7,"301":7,"302":4,"303":4,"304":4,"305":4,"307":4,"308":1,"309":1,"311":2,"312":2,"313":2,"314":4,"315":1,"316":1,"317":4,"318":3,"319":3,"320":4,"322":4,"323":7,"325":7,"326":7,"327":7,"328":7,"329":7,"330":7,"332":7,"334":7,"335":4,"336":3,"337":1,"339":2,"340":2,"341":2,"342":2,"343":2,"344":2,"345":2,"346":2,"347":2,"348":2,"349":2,"350":2,"351":2,"352":2,"353":2,"354":2,"355":2,"356":2,"357":2,"358":2,"359":2,"360":2,"361":2,"362":2,"363":2,"364":2,"365":2,"366":2,"367":2,"368":2,"369":2,"370":2,"371":2,"372":2,"374":7,"376":7,"378":1},"branchMap":{"0":{"type":"branch","line":218,"loc":{"start":{"line":218,"column":19},"end":{"line":292,"column":2}},"locations":[{"start":{"line":218,"column":19},"end":{"line":292,"column":2}}]},"1":{"type":"branch","line":256,"loc":{"start":{"line":256,"column":7},"end":{"line":257,"column":31}},"locations":[{"start":{"line":256,"column":7},"end":{"line":257,"column":31}}]},"2":{"type":"branch","line":257,"loc":{"start":{"line":257,"column":27},"end":{"line":288,"column":14}},"locations":[{"start":{"line":257,"column":27},"end":{"line":288,"column":14}}]},"3":{"type":"branch","line":258,"loc":{"start":{"line":258,"column":10},"end":{"line":259,"column":47}},"locations":[{"start":{"line":258,"column":10},"end":{"line":259,"column":47}}]},"4":{"type":"branch","line":259,"loc":{"start":{"line":259,"column":43},"end":{"line":288,"column":14}},"locations":[{"start":{"line":259,"column":43},"end":{"line":288,"column":14}}]},"5":{"type":"branch","line":226,"loc":{"start":{"line":226,"column":12},"end":{"line":248,"column":5}},"locations":[{"start":{"line":226,"column":12},"end":{"line":248,"column":5}}]},"6":{"type":"branch","line":227,"loc":{"start":{"line":227,"column":23},"end":{"line":245,"column":6}},"locations":[{"start":{"line":227,"column":23},"end":{"line":245,"column":6}}]},"7":{"type":"branch","line":230,"loc":{"start":{"line":230,"column":81},"end":{"line":232,"column":26}},"locations":[{"start":{"line":230,"column":81},"end":{"line":232,"column":26}}]},"8":{"type":"branch","line":232,"loc":{"start":{"line":232,"column":26},"end":{"line":234,"column":9}},"locations":[{"start":{"line":232,"column":26},"end":{"line":234,"column":9}}]},"9":{"type":"branch","line":234,"loc":{"start":{"line":234,"column":8},"end":{"line":239,"column":15}},"locations":[{"start":{"line":234,"column":8},"end":{"line":239,"column":15}}]},"10":{"type":"branch","line":239,"loc":{"start":{"line":239,"column":6},"end":{"line":242,"column":8}},"locations":[{"start":{"line":239,"column":6},"end":{"line":242,"column":8}}]},"11":{"type":"branch","line":242,"loc":{"start":{"line":242,"column":6},"end":{"line":244,"column":7}},"locations":[{"start":{"line":242,"column":6},"end":{"line":244,"column":7}}]},"12":{"type":"branch","line":250,"loc":{"start":{"line":250,"column":25},"end":{"line":252,"column":4}},"locations":[{"start":{"line":250,"column":25},"end":{"line":252,"column":4}}]},"13":{"type":"branch","line":265,"loc":{"start":{"line":265,"column":29},"end":{"line":268,"column":23}},"locations":[{"start":{"line":265,"column":29},"end":{"line":268,"column":23}}]},"14":{"type":"branch","line":273,"loc":{"start":{"line":273,"column":25},"end":{"line":284,"column":21}},"locations":[{"start":{"line":273,"column":25},"end":{"line":284,"column":21}}]},"15":{"type":"branch","line":276,"loc":{"start":{"line":276,"column":46},"end":{"line":276,"column":65}},"locations":[{"start":{"line":276,"column":46},"end":{"line":276,"column":65}}]},"16":{"type":"branch","line":276,"loc":{"start":{"line":276,"column":50},"end":{"line":276,"column":67}},"locations":[{"start":{"line":276,"column":50},"end":{"line":276,"column":67}}]},"17":{"type":"branch","line":277,"loc":{"start":{"line":277,"column":27},"end":{"line":277,"column":57}},"locations":[{"start":{"line":277,"column":27},"end":{"line":277,"column":57}}]},"18":{"type":"branch","line":279,"loc":{"start":{"line":279,"column":31},"end":{"line":282,"column":25}},"locations":[{"start":{"line":279,"column":31},"end":{"line":282,"column":25}}]},"19":{"type":"branch","line":295,"loc":{"start":{"line":295,"column":20},"end":{"line":377,"column":2}},"locations":[{"start":{"line":295,"column":20},"end":{"line":377,"column":2}}]},"20":{"type":"branch","line":335,"loc":{"start":{"line":335,"column":7},"end":{"line":336,"column":38}},"locations":[{"start":{"line":335,"column":7},"end":{"line":336,"column":38}}]},"21":{"type":"branch","line":336,"loc":{"start":{"line":336,"column":34},"end":{"line":373,"column":14}},"locations":[{"start":{"line":336,"column":34},"end":{"line":373,"column":14}}]},"22":{"type":"branch","line":337,"loc":{"start":{"line":337,"column":10},"end":{"line":338,"column":47}},"locations":[{"start":{"line":337,"column":10},"end":{"line":338,"column":47}}]},"23":{"type":"branch","line":338,"loc":{"start":{"line":338,"column":43},"end":{"line":373,"column":14}},"locations":[{"start":{"line":338,"column":43},"end":{"line":373,"column":14}}]},"24":{"type":"branch","line":302,"loc":{"start":{"line":302,"column":12},"end":{"line":324,"column":5}},"locations":[{"start":{"line":302,"column":12},"end":{"line":324,"column":5}}]},"25":{"type":"branch","line":303,"loc":{"start":{"line":303,"column":29},"end":{"line":321,"column":6}},"locations":[{"start":{"line":303,"column":29},"end":{"line":321,"column":6}}]},"26":{"type":"branch","line":306,"loc":{"start":{"line":306,"column":87},"end":{"line":308,"column":26}},"locations":[{"start":{"line":306,"column":87},"end":{"line":308,"column":26}}]},"27":{"type":"branch","line":308,"loc":{"start":{"line":308,"column":26},"end":{"line":310,"column":9}},"locations":[{"start":{"line":308,"column":26},"end":{"line":310,"column":9}}]},"28":{"type":"branch","line":310,"loc":{"start":{"line":310,"column":8},"end":{"line":315,"column":15}},"locations":[{"start":{"line":310,"column":8},"end":{"line":315,"column":15}}]},"29":{"type":"branch","line":315,"loc":{"start":{"line":315,"column":6},"end":{"line":318,"column":8}},"locations":[{"start":{"line":315,"column":6},"end":{"line":318,"column":8}}]},"30":{"type":"branch","line":318,"loc":{"start":{"line":318,"column":6},"end":{"line":320,"column":7}},"locations":[{"start":{"line":318,"column":6},"end":{"line":320,"column":7}}]},"31":{"type":"branch","line":329,"loc":{"start":{"line":329,"column":17},"end":{"line":329,"column":38}},"locations":[{"start":{"line":329,"column":17},"end":{"line":329,"column":38}}]}},"b":{"0":[7],"1":[4],"2":[3],"3":[1],"4":[2],"5":[4],"6":[4],"7":[3],"8":[1],"9":[2],"10":[1],"11":[3],"12":[1],"13":[8],"14":[4],"15":[2],"16":[2],"17":[1],"18":[16],"19":[7],"20":[4],"21":[3],"22":[1],"23":[2],"24":[4],"25":[4],"26":[3],"27":[1],"28":[2],"29":[1],"30":[3],"31":[1]},"fnMap":{"0":{"name":"App","decl":{"start":{"line":203,"column":12},"end":{"line":215,"column":2}},"loc":{"start":{"line":203,"column":12},"end":{"line":215,"column":2}},"line":203},"1":{"name":"UsersTable","decl":{"start":{"line":218,"column":19},"end":{"line":292,"column":2}},"loc":{"start":{"line":218,"column":19},"end":{"line":292,"column":2}},"line":218},"2":{"name":"fetchUsers","decl":{"start":{"line":227,"column":23},"end":{"line":245,"column":6}},"loc":{"start":{"line":227,"column":23},"end":{"line":245,"column":6}},"line":227},"3":{"name":"handleRowClick","decl":{"start":{"line":250,"column":25},"end":{"line":252,"column":4}},"loc":{"start":{"line":250,"column":25},"end":{"line":252,"column":4}},"line":250},"4":{"name":"onClick","decl":{"start":{"line":277,"column":27},"end":{"line":277,"column":57}},"loc":{"start":{"line":277,"column":27},"end":{"line":277,"column":57}},"line":277},"5":{"name":"UserDetails","decl":{"start":{"line":295,"column":20},"end":{"line":377,"column":2}},"loc":{"start":{"line":295,"column":20},"end":{"line":377,"column":2}},"line":295},"6":{"name":"fetchUserDetails","decl":{"start":{"line":303,"column":29},"end":{"line":321,"column":6}},"loc":{"start":{"line":303,"column":29},"end":{"line":321,"column":6}},"line":303},"7":{"name":"onClick","decl":{"start":{"line":329,"column":17},"end":{"line":329,"column":38}},"loc":{"start":{"line":329,"column":17},"end":{"line":329,"column":38}},"line":329}},"f":{"0":0,"1":7,"2":4,"3":1,"4":1,"5":7,"6":4,"7":1}}
,"/Users/anujkdxt/Documents/Learning/reactjs/sample-test-app/src/main.jsx": {"path":"/Users/anujkdxt/Documents/Learning/reactjs/sample-test-app/src/main.jsx","all":true,"statementMap":{"0":{"start":{"line":1,"column":0},"end":{"line":1,"column":34}},"1":{"start":{"line":2,"column":0},"end":{"line":2,"column":45}},"2":{"start":{"line":3,"column":0},"end":{"line":3,"column":20}},"3":{"start":{"line":4,"column":0},"end":{"line":4,"column":27}},"5":{"start":{"line":6,"column":0},"end":{"line":6,"column":51}},"6":{"start":{"line":7,"column":0},"end":{"line":7,"column":14}},"7":{"start":{"line":8,"column":0},"end":{"line":8,"column":11}},"8":{"start":{"line":9,"column":0},"end":{"line":9,"column":16}},"9":{"start":{"line":10,"column":0},"end":{"line":10,"column":1}}},"s":{"0":0,"1":0,"2":0,"3":0,"5":0,"6":0,"7":0,"8":0,"9":0},"branchMap":{"0":{"type":"branch","line":1,"loc":{"start":{"line":1,"column":202},"end":{"line":10,"column":-147}},"locations":[{"start":{"line":1,"column":202},"end":{"line":10,"column":-147}}]}},"b":{"0":[0]},"fnMap":{"0":{"name":"(empty-report)","decl":{"start":{"line":1,"column":202},"end":{"line":10,"column":-147}},"loc":{"start":{"line":1,"column":202},"end":{"line":10,"column":-147}},"line":1}},"f":{"0":0}}
}
